<?xml version="1.0" encoding="UTF-8"?>
<testng-results ignored="0" total="1" passed="1" failed="0" skipped="0">
  <reporter-output>
  </reporter-output>
  <suite started-at="2024-03-01T13:14:03 IST" name="Default suite" finished-at="2024-03-01T13:14:08 IST" duration-ms="5160">
    <groups>
    </groups>
    <test started-at="2024-03-01T13:14:03 IST" name="Default test" finished-at="2024-03-01T13:14:08 IST" duration-ms="5160">
      <class name="TestNG.DatePicker">
        <test-method is-config="true" signature="btest()[pri:0, instance:TestNG.DatePicker@4550bb58]" started-at="2024-03-01T13:14:03 IST" name="btest" finished-at="2024-03-01T13:14:05 IST" duration-ms="2193" status="PASS">
          <reporter-output>
          </reporter-output>
        </test-method> <!-- btest -->
        <test-method is-config="true" signature="bmethod()[pri:0, instance:TestNG.DatePicker@4550bb58]" started-at="2024-03-01T13:14:05 IST" name="bmethod" finished-at="2024-03-01T13:14:07 IST" duration-ms="2638" status="PASS">
          <reporter-output>
          </reporter-output>
        </test-method> <!-- bmethod -->
        <test-method signature="testlogin()[pri:0, instance:TestNG.DatePicker@4550bb58]" started-at="2024-03-01T13:14:07 IST" name="testlogin" finished-at="2024-03-01T13:14:08 IST" duration-ms="274" status="PASS">
          <reporter-output>
          </reporter-output>
        </test-method> <!-- testlogin -->
      </class> <!-- TestNG.DatePicker -->
    </test> <!-- Default test -->
  </suite> <!-- Default suite -->
</testng-results>
